> Task :compileJava UP-TO-DATE
> Task :processResources UP-TO-DATE
> Task :classes UP-TO-DATE
> Task :resolveMainClassName UP-TO-DATE

> Task :bootRun

  .   ____          _            __ _ _
 /\\ / ___'_ __ _ _(_)_ __  __ _ \ \ \ \
( ( )\___ | '_ | '_| | '_ \/ _` | \ \ \ \
 \\/  ___)| |_)| | | | | || (_| |  ) ) ) )
  '  |____| .__|_| |_|_| |_\__, | / / / /
 =========|_|==============|___/=/_/_/_/

 :: Spring Boot ::                (v3.5.4)

2025-08-01T12:24:10.427+09:00  INFO 84126 --- [modeni] [  restartedMain] com.steam.modeni.ModeniApplication       : Starting ModeniApplication using Java 17.0.10 with PID 84126 (/Users/nayeon/Downloads/modeni-app-be/build/classes/java/main started by nayeon in /Users/nayeon/Downloads/modeni-app-be)
2025-08-01T12:24:10.428+09:00  INFO 84126 --- [modeni] [  restartedMain] com.steam.modeni.ModeniApplication       : No active profile set, falling back to 1 default profile: "default"
2025-08-01T12:24:10.440+09:00  INFO 84126 --- [modeni] [  restartedMain] .e.DevToolsPropertyDefaultsPostProcessor : Devtools property defaults active! Set 'spring.devtools.add-properties' to 'false' to disable
2025-08-01T12:24:10.441+09:00  INFO 84126 --- [modeni] [  restartedMain] .e.DevToolsPropertyDefaultsPostProcessor : For additional web related logging consider setting the 'logging.level.web' property to 'DEBUG'
2025-08-01T12:24:10.622+09:00  INFO 84126 --- [modeni] [  restartedMain] .s.d.r.c.RepositoryConfigurationDelegate : Bootstrapping Spring Data JPA repositories in DEFAULT mode.
2025-08-01T12:24:10.637+09:00  INFO 84126 --- [modeni] [  restartedMain] .s.d.r.c.RepositoryConfigurationDelegate : Finished Spring Data repository scanning in 12 ms. Found 2 JPA repository interfaces.
2025-08-01T12:24:10.789+09:00  INFO 84126 --- [modeni] [  restartedMain] o.s.b.w.embedded.tomcat.TomcatWebServer  : Tomcat initialized with port 8080 (http)
2025-08-01T12:24:10.793+09:00  INFO 84126 --- [modeni] [  restartedMain] o.apache.catalina.core.StandardService   : Starting service [Tomcat]
2025-08-01T12:24:10.793+09:00  INFO 84126 --- [modeni] [  restartedMain] o.apache.catalina.core.StandardEngine    : Starting Servlet engine: [Apache Tomcat/10.1.43]
2025-08-01T12:24:10.804+09:00  INFO 84126 --- [modeni] [  restartedMain] o.a.c.c.C.[Tomcat].[localhost].[/]       : Initializing Spring embedded WebApplicationContext
2025-08-01T12:24:10.804+09:00  INFO 84126 --- [modeni] [  restartedMain] w.s.c.ServletWebServerApplicationContext : Root WebApplicationContext: initialization completed in 363 ms
2025-08-01T12:24:10.853+09:00  INFO 84126 --- [modeni] [  restartedMain] o.hibernate.jpa.internal.util.LogHelper  : HHH000204: Processing PersistenceUnitInfo [name: default]
2025-08-01T12:24:10.864+09:00  INFO 84126 --- [modeni] [  restartedMain] org.hibernate.Version                    : HHH000412: Hibernate ORM core version 6.6.22.Final
2025-08-01T12:24:10.872+09:00  INFO 84126 --- [modeni] [  restartedMain] o.h.c.internal.RegionFactoryInitiator    : HHH000026: Second-level cache disabled
2025-08-01T12:24:10.942+09:00  INFO 84126 --- [modeni] [  restartedMain] o.s.o.j.p.SpringPersistenceUnitInfo      : No LoadTimeWeaver setup: ignoring JPA class transformer
2025-08-01T12:24:10.949+09:00  INFO 84126 --- [modeni] [  restartedMain] com.zaxxer.hikari.HikariDataSource       : HikariPool-1 - Starting...
2025-08-01T12:24:10.992+09:00  INFO 84126 --- [modeni] [  restartedMain] com.zaxxer.hikari.pool.HikariPool        : HikariPool-1 - Added connection com.mysql.cj.jdbc.ConnectionImpl@16180edb
2025-08-01T12:24:10.993+09:00  INFO 84126 --- [modeni] [  restartedMain] com.zaxxer.hikari.HikariDataSource       : HikariPool-1 - Start completed.
2025-08-01T12:24:11.009+09:00  WARN 84126 --- [modeni] [  restartedMain] org.hibernate.orm.deprecation            : HHH90000025: MySQLDialect does not need to be specified explicitly using 'hibernate.dialect' (remove the property setting and it will be selected by default)
2025-08-01T12:24:11.015+09:00  INFO 84126 --- [modeni] [  restartedMain] org.hibernate.orm.connections.pooling    : HHH10001005: Database info:
	Database JDBC URL [Connecting through datasource 'HikariDataSource (HikariPool-1)']
	Database driver: undefined/unknown
	Database version: 8.4.5
	Autocommit mode: undefined/unknown
	Isolation level: undefined/unknown
	Minimum pool size: undefined/unknown
	Maximum pool size: undefined/unknown
2025-08-01T12:24:11.346+09:00  INFO 84126 --- [modeni] [  restartedMain] o.h.e.t.j.p.i.JtaPlatformInitiator       : HHH000489: No JTA platform available (set 'hibernate.transaction.jta.platform' to enable JTA platform integration)
Hibernate: 
    alter table answers 
       drop 
       foreign key FK3erw1a3t0r78st8ty27x6v3g1
Hibernate: 
    alter table answers 
       drop 
       foreign key FK5bp3d5loftq2vjn683ephn75a
Hibernate: 
    alter table compatibility 
       drop 
       foreign key FKaj0fxpfygr0wmj2f4p7q7v5v8
Hibernate: 
    alter table compatibility 
       drop 
       foreign key FK8mdje36pxi1pqwd15mwiau6xu
Hibernate: 
    alter table compatibility 
       drop 
       foreign key FKj3inwcoaf2yrly3bdc35wtrcl
Hibernate: 
    alter table compatibility 
       drop 
       foreign key FKca181w4sv7w8nmigjpuwt7wpp
Hibernate: 
    alter table diaries 
       drop 
       foreign key FKki7hoimuu910cy56y2695to5e
Hibernate: 
    alter table inquiries 
       drop 
       foreign key FKfks94q8sobcuibrudbr3im380
Hibernate: 
    alter table mission_checks 
       drop 
       foreign key FKrr12ng5vdjd55giy1iwagc60w
Hibernate: 
    alter table mission_checks 
       drop 
       foreign key FKtoud59p1me1vx02krictqv1xr
Hibernate: 
    alter table mission_checks 
       drop 
       foreign key FKeqgmvtkj7rv24ga1q3qh2br9x
Hibernate: 
    alter table questions 
       drop 
       foreign key FKa46maxvd1dnm2er7690eocwvn
Hibernate: 
    alter table reactions 
       drop 
       foreign key FKk8965fri47ep479capmbv99jk
Hibernate: 
    alter table reactions 
       drop 
       foreign key FKqmewaibcp5bxtlqxc2cawhuln
Hibernate: 
    alter table test_options 
       drop 
       foreign key FKnceicvhap88bk3o8050522fku
Hibernate: 
    alter table test_results 
       drop 
       foreign key FKamdm7evouwmjbfgj9k6sjfn5v
Hibernate: 
    alter table test_results 
       drop 
       foreign key FK3pgkl7t3gw3f6eu20n4db4i20
Hibernate: 
    alter table test_types 
       drop 
       foreign key FK7pv2j9qh6hnkekyb6vapvscqg
Hibernate: 
    alter table type_results 
       drop 
       foreign key FKdb4qdje3k3mipq3rvfuntndi
Hibernate: 
    alter table users 
       drop 
       foreign key FKd7sunipg84lumrbc8yblav3wj
Hibernate: 
    alter table welfares 
       drop 
       foreign key FKep0pqxqjwv70q5pw298o6lsm8
Hibernate: 
    drop table if exists answers
Hibernate: 
    drop table if exists compatibility
Hibernate: 
    drop table if exists diaries
Hibernate: 
    drop table if exists families
Hibernate: 
    drop table if exists faqs
Hibernate: 
    drop table if exists inquiries
Hibernate: 
    drop table if exists mission_cards
Hibernate: 
    drop table if exists mission_checks
Hibernate: 
    drop table if exists personality_tests
Hibernate: 
    drop table if exists questions
Hibernate: 
    drop table if exists reactions
Hibernate: 
    drop table if exists test_options
Hibernate: 
    drop table if exists test_results
Hibernate: 
    drop table if exists test_types
Hibernate: 
    drop table if exists type_results
Hibernate: 
    drop table if exists users
Hibernate: 
    drop table if exists welfares
Hibernate: 
    create table answers (
        created_at datetime(6),
        id bigint not null auto_increment,
        question_id bigint,
        user_id bigint,
        content TEXT,
        primary key (id)
    ) engine=InnoDB
Hibernate: 
    create table compatibility (
        id bigint not null auto_increment,
        type1_id bigint,
        type2_id bigint,
        user1_id bigint,
        user2_id bigint,
        result TEXT,
        primary key (id)
    ) engine=InnoDB
Hibernate: 
    create table diaries (
        created_at datetime(6),
        id bigint not null auto_increment,
        user_id bigint,
        content TEXT,
        emotion_keyword varchar(255),
        wish_activity varchar(255),
        primary key (id)
    ) engine=InnoDB
Hibernate: 
    create table families (
        id bigint not null auto_increment,
        family_code varchar(255),
        motto TEXT,
        primary key (id)
    ) engine=InnoDB
Hibernate: 
    create table faqs (
        id bigint not null auto_increment,
        content TEXT,
        title varchar(255),
        primary key (id)
    ) engine=InnoDB
Hibernate: 
    create table inquiries (
        created_at datetime(6),
        id bigint not null auto_increment,
        user_id bigint,
        content TEXT,
        title varchar(255),
        primary key (id)
    ) engine=InnoDB
Hibernate: 
    create table mission_cards (
        created_at datetime(6),
        id bigint not null auto_increment,
        content TEXT,
        primary key (id)
    ) engine=InnoDB
Hibernate: 
    create table mission_checks (
        created_at datetime(6),
        family_id bigint,
        id bigint not null auto_increment,
        mission_id bigint,
        user_id bigint,
        review TEXT,
        primary key (id)
    ) engine=InnoDB
Hibernate: 
    create table personality_tests (
        id bigint not null auto_increment,
        question TEXT,
        primary key (id)
    ) engine=InnoDB
Hibernate: 
    create table questions (
        created_at datetime(6),
        family_id bigint,
        id bigint not null auto_increment,
        content TEXT,
        primary key (id)
    ) engine=InnoDB
Hibernate: 
    create table reactions (
        answer_id bigint,
        created_at datetime(6),
        id bigint not null auto_increment,
        user_id bigint,
        reaction_type enum ('ANGRY','LAUGH','LIKE','LOVE','SAD'),
        primary key (id)
    ) engine=InnoDB
Hibernate: 
    create table test_options (
        id bigint not null auto_increment,
        test_id bigint,
        content varchar(255),
        primary key (id)
    ) engine=InnoDB
Hibernate: 
    create table test_results (
        created_at datetime(6),
        id bigint not null auto_increment,
        type_id bigint,
        user_id bigint,
        primary key (id)
    ) engine=InnoDB
Hibernate: 
    create table test_types (
        id bigint not null auto_increment,
        test_id bigint,
        name varchar(255),
        primary key (id)
    ) engine=InnoDB
Hibernate: 
    create table type_results (
        type_id bigint not null,
        result TEXT,
        primary key (type_id)
    ) engine=InnoDB
Hibernate: 
    create table users (
        age integer,
        created_at datetime(6),
        family_id bigint,
        id bigint not null auto_increment,
        city varchar(255),
        district varchar(255),
        name varchar(255),
        password varchar(255) not null,
        phone_number varchar(255),
        role varchar(255),
        username varchar(255) not null,
        primary key (id)
    ) engine=InnoDB
Hibernate: 
    create table welfares (
        id bigint not null auto_increment,
        type_id bigint,
        description TEXT,
        title varchar(255),
        primary key (id)
    ) engine=InnoDB
Hibernate: 
    alter table families 
       add constraint UKrfp3j9of5inviwse6r9gi1ec6 unique (family_code)
Hibernate: 
    alter table users 
       add constraint UKr43af9ap4edm43mmtq01oddj6 unique (username)
Hibernate: 
    alter table answers 
       add constraint FK3erw1a3t0r78st8ty27x6v3g1 
       foreign key (question_id) 
       references questions (id)
Hibernate: 
    alter table answers 
       add constraint FK5bp3d5loftq2vjn683ephn75a 
       foreign key (user_id) 
       references users (id)
Hibernate: 
    alter table compatibility 
       add constraint FKaj0fxpfygr0wmj2f4p7q7v5v8 
       foreign key (type1_id) 
       references test_types (id)
Hibernate: 
    alter table compatibility 
       add constraint FK8mdje36pxi1pqwd15mwiau6xu 
       foreign key (type2_id) 
       references test_types (id)
Hibernate: 
    alter table compatibility 
       add constraint FKj3inwcoaf2yrly3bdc35wtrcl 
       foreign key (user1_id) 
       references users (id)
Hibernate: 
    alter table compatibility 
       add constraint FKca181w4sv7w8nmigjpuwt7wpp 
       foreign key (user2_id) 
       references users (id)
Hibernate: 
    alter table diaries 
       add constraint FKki7hoimuu910cy56y2695to5e 
       foreign key (user_id) 
       references users (id)
Hibernate: 
    alter table inquiries 
       add constraint FKfks94q8sobcuibrudbr3im380 
       foreign key (user_id) 
       references users (id)
Hibernate: 
    alter table mission_checks 
       add constraint FKrr12ng5vdjd55giy1iwagc60w 
       foreign key (family_id) 
       references families (id)
Hibernate: 
    alter table mission_checks 
       add constraint FKtoud59p1me1vx02krictqv1xr 
       foreign key (mission_id) 
       references mission_cards (id)
Hibernate: 
    alter table mission_checks 
       add constraint FKeqgmvtkj7rv24ga1q3qh2br9x 
       foreign key (user_id) 
       references users (id)
Hibernate: 
    alter table questions 
       add constraint FKa46maxvd1dnm2er7690eocwvn 
       foreign key (family_id) 
       references families (id)
Hibernate: 
    alter table reactions 
       add constraint FKk8965fri47ep479capmbv99jk 
       foreign key (answer_id) 
       references answers (id)
Hibernate: 
    alter table reactions 
       add constraint FKqmewaibcp5bxtlqxc2cawhuln 
       foreign key (user_id) 
       references users (id)
Hibernate: 
    alter table test_options 
       add constraint FKnceicvhap88bk3o8050522fku 
       foreign key (test_id) 
       references personality_tests (id)
Hibernate: 
    alter table test_results 
       add constraint FKamdm7evouwmjbfgj9k6sjfn5v 
       foreign key (type_id) 
       references test_types (id)
Hibernate: 
    alter table test_results 
       add constraint FK3pgkl7t3gw3f6eu20n4db4i20 
       foreign key (user_id) 
       references users (id)
Hibernate: 
    alter table test_types 
       add constraint FK7pv2j9qh6hnkekyb6vapvscqg 
       foreign key (test_id) 
       references personality_tests (id)
Hibernate: 
    alter table type_results 
       add constraint FKdb4qdje3k3mipq3rvfuntndi 
       foreign key (type_id) 
       references test_types (id)
Hibernate: 
    alter table users 
       add constraint FKd7sunipg84lumrbc8yblav3wj 
       foreign key (family_id) 
       references families (id)
Hibernate: 
    alter table welfares 
       add constraint FKep0pqxqjwv70q5pw298o6lsm8 
       foreign key (type_id) 
       references test_types (id)
2025-08-01T12:24:11.548+09:00  INFO 84126 --- [modeni] [  restartedMain] j.LocalContainerEntityManagerFactoryBean : Initialized JPA EntityManagerFactory for persistence unit 'default'
2025-08-01T12:24:11.652+09:00  WARN 84126 --- [modeni] [  restartedMain] ConfigServletWebServerApplicationContext : Exception encountered during context initialization - cancelling refresh attempt: org.springframework.beans.factory.UnsatisfiedDependencyException: Error creating bean with name 'authController' defined in file [/Users/nayeon/Downloads/modeni-app-be/build/classes/java/main/com/steam/modeni/controller/AuthController.class]: Unsatisfied dependency expressed through constructor parameter 0: Error creating bean with name 'authService' defined in file [/Users/nayeon/Downloads/modeni-app-be/build/classes/java/main/com/steam/modeni/service/AuthService.class]: Unsatisfied dependency expressed through constructor parameter 0: Error creating bean with name 'userRepository' defined in com.steam.modeni.repository.UserRepository defined in @EnableJpaRepositories declared on JpaRepositoriesRegistrar.EnableJpaRepositoriesConfiguration: Could not create query for public abstract boolean com.steam.modeni.repository.UserRepository.existsByEmail(java.lang.String); Reason: Failed to create query for method public abstract boolean com.steam.modeni.repository.UserRepository.existsByEmail(java.lang.String); No property 'email' found for type 'User'
2025-08-01T12:24:11.652+09:00  INFO 84126 --- [modeni] [  restartedMain] j.LocalContainerEntityManagerFactoryBean : Closing JPA EntityManagerFactory for persistence unit 'default'
2025-08-01T12:24:11.653+09:00  INFO 84126 --- [modeni] [  restartedMain] com.zaxxer.hikari.HikariDataSource       : HikariPool-1 - Shutdown initiated...
2025-08-01T12:24:11.655+09:00  INFO 84126 --- [modeni] [  restartedMain] com.zaxxer.hikari.HikariDataSource       : HikariPool-1 - Shutdown completed.
2025-08-01T12:24:11.656+09:00  INFO 84126 --- [modeni] [  restartedMain] o.apache.catalina.core.StandardService   : Stopping service [Tomcat]
2025-08-01T12:24:11.660+09:00  INFO 84126 --- [modeni] [  restartedMain] .s.b.a.l.ConditionEvaluationReportLogger : 

Error starting ApplicationContext. To display the condition evaluation report re-run your application with 'debug' enabled.
2025-08-01T12:24:11.665+09:00 ERROR 84126 --- [modeni] [  restartedMain] o.s.boot.SpringApplication               : Application run failed

org.springframework.beans.factory.UnsatisfiedDependencyException: Error creating bean with name 'authController' defined in file [/Users/nayeon/Downloads/modeni-app-be/build/classes/java/main/com/steam/modeni/controller/AuthController.class]: Unsatisfied dependency expressed through constructor parameter 0: Error creating bean with name 'authService' defined in file [/Users/nayeon/Downloads/modeni-app-be/build/classes/java/main/com/steam/modeni/service/AuthService.class]: Unsatisfied dependency expressed through constructor parameter 0: Error creating bean with name 'userRepository' defined in com.steam.modeni.repository.UserRepository defined in @EnableJpaRepositories declared on JpaRepositoriesRegistrar.EnableJpaRepositoriesConfiguration: Could not create query for public abstract boolean com.steam.modeni.repository.UserRepository.existsByEmail(java.lang.String); Reason: Failed to create query for method public abstract boolean com.steam.modeni.repository.UserRepository.existsByEmail(java.lang.String); No property 'email' found for type 'User'
	at org.springframework.beans.factory.support.ConstructorResolver.createArgumentArray(ConstructorResolver.java:804) ~[spring-beans-6.2.9.jar:6.2.9]
	at org.springframework.beans.factory.support.ConstructorResolver.autowireConstructor(ConstructorResolver.java:240) ~[spring-beans-6.2.9.jar:6.2.9]
	at org.springframework.beans.factory.support.AbstractAutowireCapableBeanFactory.autowireConstructor(AbstractAutowireCapableBeanFactory.java:1395) ~[spring-beans-6.2.9.jar:6.2.9]
	at org.springframework.beans.factory.support.AbstractAutowireCapableBeanFactory.createBeanInstance(AbstractAutowireCapableBeanFactory.java:1232) ~[spring-beans-6.2.9.jar:6.2.9]
	at org.springframework.beans.factory.support.AbstractAutowireCapableBeanFactory.doCreateBean(AbstractAutowireCapableBeanFactory.java:569) ~[spring-beans-6.2.9.jar:6.2.9]
	at org.springframework.beans.factory.support.AbstractAutowireCapableBeanFactory.createBean(AbstractAutowireCapableBeanFactory.java:529) ~[spring-beans-6.2.9.jar:6.2.9]
	at org.springframework.beans.factory.support.AbstractBeanFactory.lambda$doGetBean$0(AbstractBeanFactory.java:339) ~[spring-beans-6.2.9.jar:6.2.9]
	at org.springframework.beans.factory.support.DefaultSingletonBeanRegistry.getSingleton(DefaultSingletonBeanRegistry.java:373) ~[spring-beans-6.2.9.jar:6.2.9]
	at org.springframework.beans.factory.support.AbstractBeanFactory.doGetBean(AbstractBeanFactory.java:337) ~[spring-beans-6.2.9.jar:6.2.9]
	at org.springframework.beans.factory.support.AbstractBeanFactory.getBean(AbstractBeanFactory.java:202) ~[spring-beans-6.2.9.jar:6.2.9]
	at org.springframework.beans.factory.support.DefaultListableBeanFactory.instantiateSingleton(DefaultListableBeanFactory.java:1222) ~[spring-beans-6.2.9.jar:6.2.9]
	at org.springframework.beans.factory.support.DefaultListableBeanFactory.preInstantiateSingleton(DefaultListableBeanFactory.java:1188) ~[spring-beans-6.2.9.jar:6.2.9]
	at org.springframework.beans.factory.support.DefaultListableBeanFactory.preInstantiateSingletons(DefaultListableBeanFactory.java:1123) ~[spring-beans-6.2.9.jar:6.2.9]
	at org.springframework.context.support.AbstractApplicationContext.finishBeanFactoryInitialization(AbstractApplicationContext.java:987) ~[spring-context-6.2.9.jar:6.2.9]
	at org.springframework.context.support.AbstractApplicationContext.refresh(AbstractApplicationContext.java:627) ~[spring-context-6.2.9.jar:6.2.9]
	at org.springframework.boot.web.servlet.context.ServletWebServerApplicationContext.refresh(ServletWebServerApplicationContext.java:146) ~[spring-boot-3.5.4.jar:3.5.4]
	at org.springframework.boot.SpringApplication.refresh(SpringApplication.java:752) ~[spring-boot-3.5.4.jar:3.5.4]
	at org.springframework.boot.SpringApplication.refreshContext(SpringApplication.java:439) ~[spring-boot-3.5.4.jar:3.5.4]
	at org.springframework.boot.SpringApplication.run(SpringApplication.java:318) ~[spring-boot-3.5.4.jar:3.5.4]
	at org.springframework.boot.SpringApplication.run(SpringApplication.java:1361) ~[spring-boot-3.5.4.jar:3.5.4]
	at org.springframework.boot.SpringApplication.run(SpringApplication.java:1350) ~[spring-boot-3.5.4.jar:3.5.4]
	at com.steam.modeni.ModeniApplication.main(ModeniApplication.java:10) ~[main/:na]
	at java.base/jdk.internal.reflect.NativeMethodAccessorImpl.invoke0(Native Method) ~[na:na]
	at java.base/jdk.internal.reflect.NativeMethodAccessorImpl.invoke(NativeMethodAccessorImpl.java:77) ~[na:na]
	at java.base/jdk.internal.reflect.DelegatingMethodAccessorImpl.invoke(DelegatingMethodAccessorImpl.java:43) ~[na:na]
	at java.base/java.lang.reflect.Method.invoke(Method.java:568) ~[na:na]
	at org.springframework.boot.devtools.restart.RestartLauncher.run(RestartLauncher.java:50) ~[spring-boot-devtools-3.5.4.jar:3.5.4]
Caused by: org.springframework.beans.factory.UnsatisfiedDependencyException: Error creating bean with name 'authService' defined in file [/Users/nayeon/Downloads/modeni-app-be/build/classes/java/main/com/steam/modeni/service/AuthService.class]: Unsatisfied dependency expressed through constructor parameter 0: Error creating bean with name 'userRepository' defined in com.steam.modeni.repository.UserRepository defined in @EnableJpaRepositories declared on JpaRepositoriesRegistrar.EnableJpaRepositoriesConfiguration: Could not create query for public abstract boolean com.steam.modeni.repository.UserRepository.existsByEmail(java.lang.String); Reason: Failed to create query for method public abstract boolean com.steam.modeni.repository.UserRepository.existsByEmail(java.lang.String); No property 'email' found for type 'User'
	at org.springframework.beans.factory.support.ConstructorResolver.createArgumentArray(ConstructorResolver.java:804) ~[spring-beans-6.2.9.jar:6.2.9]
	at org.springframework.beans.factory.support.ConstructorResolver.autowireConstructor(ConstructorResolver.java:240) ~[spring-beans-6.2.9.jar:6.2.9]
	at org.springframework.beans.factory.support.AbstractAutowireCapableBeanFactory.autowireConstructor(AbstractAutowireCapableBeanFactory.java:1395) ~[spring-beans-6.2.9.jar:6.2.9]
	at org.springframework.beans.factory.support.AbstractAutowireCapableBeanFactory.createBeanInstance(AbstractAutowireCapableBeanFactory.java:1232) ~[spring-beans-6.2.9.jar:6.2.9]
	at org.springframework.beans.factory.support.AbstractAutowireCapableBeanFactory.doCreateBean(AbstractAutowireCapableBeanFactory.java:569) ~[spring-beans-6.2.9.jar:6.2.9]
	at org.springframework.beans.factory.support.AbstractAutowireCapableBeanFactory.createBean(AbstractAutowireCapableBeanFactory.java:529) ~[spring-beans-6.2.9.jar:6.2.9]
	at org.springframework.beans.factory.support.AbstractBeanFactory.lambda$doGetBean$0(AbstractBeanFactory.java:339) ~[spring-beans-6.2.9.jar:6.2.9]
	at org.springframework.beans.factory.support.DefaultSingletonBeanRegistry.getSingleton(DefaultSingletonBeanRegistry.java:373) ~[spring-beans-6.2.9.jar:6.2.9]
	at org.springframework.beans.factory.support.AbstractBeanFactory.doGetBean(AbstractBeanFactory.java:337) ~[spring-beans-6.2.9.jar:6.2.9]
	at org.springframework.beans.factory.support.AbstractBeanFactory.getBean(AbstractBeanFactory.java:202) ~[spring-beans-6.2.9.jar:6.2.9]
	at org.springframework.beans.factory.support.DefaultListableBeanFactory.doResolveDependency(DefaultListableBeanFactory.java:1683) ~[spring-beans-6.2.9.jar:6.2.9]
	at org.springframework.beans.factory.support.DefaultListableBeanFactory.resolveDependency(DefaultListableBeanFactory.java:1628) ~[spring-beans-6.2.9.jar:6.2.9]
	at org.springframework.beans.factory.support.ConstructorResolver.resolveAutowiredArgument(ConstructorResolver.java:913) ~[spring-beans-6.2.9.jar:6.2.9]
	at org.springframework.beans.factory.support.ConstructorResolver.createArgumentArray(ConstructorResolver.java:791) ~[spring-beans-6.2.9.jar:6.2.9]
	... 26 common frames omitted
Caused by: org.springframework.beans.factory.BeanCreationException: Error creating bean with name 'userRepository' defined in com.steam.modeni.repository.UserRepository defined in @EnableJpaRepositories declared on JpaRepositoriesRegistrar.EnableJpaRepositoriesConfiguration: Could not create query for public abstract boolean com.steam.modeni.repository.UserRepository.existsByEmail(java.lang.String); Reason: Failed to create query for method public abstract boolean com.steam.modeni.repository.UserRepository.existsByEmail(java.lang.String); No property 'email' found for type 'User'
	at org.springframework.beans.factory.support.AbstractAutowireCapableBeanFactory.initializeBean(AbstractAutowireCapableBeanFactory.java:1826) ~[spring-beans-6.2.9.jar:6.2.9]
	at org.springframework.beans.factory.support.AbstractAutowireCapableBeanFactory.doCreateBean(AbstractAutowireCapableBeanFactory.java:607) ~[spring-beans-6.2.9.jar:6.2.9]
	at org.springframework.beans.factory.support.AbstractAutowireCapableBeanFactory.createBean(AbstractAutowireCapableBeanFactory.java:529) ~[spring-beans-6.2.9.jar:6.2.9]
	at org.springframework.beans.factory.support.AbstractBeanFactory.lambda$doGetBean$0(AbstractBeanFactory.java:339) ~[spring-beans-6.2.9.jar:6.2.9]
	at org.springframework.beans.factory.support.DefaultSingletonBeanRegistry.getSingleton(DefaultSingletonBeanRegistry.java:373) ~[spring-beans-6.2.9.jar:6.2.9]
	at org.springframework.beans.factory.support.AbstractBeanFactory.doGetBean(AbstractBeanFactory.java:337) ~[spring-beans-6.2.9.jar:6.2.9]
	at org.springframework.beans.factory.support.AbstractBeanFactory.getBean(AbstractBeanFactory.java:202) ~[spring-beans-6.2.9.jar:6.2.9]
	at org.springframework.beans.factory.support.DefaultListableBeanFactory.doResolveDependency(DefaultListableBeanFactory.java:1683) ~[spring-beans-6.2.9.jar:6.2.9]
	at org.springframework.beans.factory.support.DefaultListableBeanFactory.resolveDependency(DefaultListableBeanFactory.java:1628) ~[spring-beans-6.2.9.jar:6.2.9]
	at org.springframework.beans.factory.support.ConstructorResolver.resolveAutowiredArgument(ConstructorResolver.java:913) ~[spring-beans-6.2.9.jar:6.2.9]
	at org.springframework.beans.factory.support.ConstructorResolver.createArgumentArray(ConstructorResolver.java:791) ~[spring-beans-6.2.9.jar:6.2.9]
	... 39 common frames omitted
Caused by: org.springframework.data.repository.query.QueryCreationException: Could not create query for public abstract boolean com.steam.modeni.repository.UserRepository.existsByEmail(java.lang.String); Reason: Failed to create query for method public abstract boolean com.steam.modeni.repository.UserRepository.existsByEmail(java.lang.String); No property 'email' found for type 'User'
	at org.springframework.data.repository.query.QueryCreationException.create(QueryCreationException.java:101) ~[spring-data-commons-3.5.2.jar:3.5.2]
	at org.springframework.data.repository.core.support.QueryExecutorMethodInterceptor.lookupQuery(QueryExecutorMethodInterceptor.java:120) ~[spring-data-commons-3.5.2.jar:3.5.2]
	at org.springframework.data.repository.core.support.QueryExecutorMethodInterceptor.mapMethodsToQuery(QueryExecutorMethodInterceptor.java:104) ~[spring-data-commons-3.5.2.jar:3.5.2]
	at org.springframework.data.repository.core.support.QueryExecutorMethodInterceptor.lambda$new$0(QueryExecutorMethodInterceptor.java:92) ~[spring-data-commons-3.5.2.jar:3.5.2]
	at java.base/java.util.Optional.map(Optional.java:260) ~[na:na]
	at org.springframework.data.repository.core.support.QueryExecutorMethodInterceptor.<init>(QueryExecutorMethodInterceptor.java:92) ~[spring-data-commons-3.5.2.jar:3.5.2]
	at org.springframework.data.repository.core.support.RepositoryFactorySupport.getRepository(RepositoryFactorySupport.java:434) ~[spring-data-commons-3.5.2.jar:3.5.2]
	at org.springframework.data.repository.core.support.RepositoryFactoryBeanSupport.lambda$afterPropertiesSet$4(RepositoryFactoryBeanSupport.java:350) ~[spring-data-commons-3.5.2.jar:3.5.2]
	at org.springframework.data.util.Lazy.getNullable(Lazy.java:135) ~[spring-data-commons-3.5.2.jar:3.5.2]
	at org.springframework.data.util.Lazy.get(Lazy.java:113) ~[spring-data-commons-3.5.2.jar:3.5.2]
	at org.springframework.data.repository.core.support.RepositoryFactoryBeanSupport.afterPropertiesSet(RepositoryFactoryBeanSupport.java:356) ~[spring-data-commons-3.5.2.jar:3.5.2]
	at org.springframework.data.jpa.repository.support.JpaRepositoryFactoryBean.afterPropertiesSet(JpaRepositoryFactoryBean.java:132) ~[spring-data-jpa-3.5.2.jar:3.5.2]
	at org.springframework.beans.factory.support.AbstractAutowireCapableBeanFactory.invokeInitMethods(AbstractAutowireCapableBeanFactory.java:1873) ~[spring-beans-6.2.9.jar:6.2.9]
	at org.springframework.beans.factory.support.AbstractAutowireCapableBeanFactory.initializeBean(AbstractAutowireCapableBeanFactory.java:1822) ~[spring-beans-6.2.9.jar:6.2.9]
	... 49 common frames omitted
Caused by: java.lang.IllegalArgumentException: Failed to create query for method public abstract boolean com.steam.modeni.repository.UserRepository.existsByEmail(java.lang.String); No property 'email' found for type 'User'
	at org.springframework.data.jpa.repository.query.PartTreeJpaQuery.<init>(PartTreeJpaQuery.java:107) ~[spring-data-jpa-3.5.2.jar:3.5.2]
	at org.springframework.data.jpa.repository.query.JpaQueryLookupStrategy$CreateQueryLookupStrategy.resolveQuery(JpaQueryLookupStrategy.java:128) ~[spring-data-jpa-3.5.2.jar:3.5.2]
	at org.springframework.data.jpa.repository.query.JpaQueryLookupStrategy$CreateIfNotFoundQueryLookupStrategy.resolveQuery(JpaQueryLookupStrategy.java:260) ~[spring-data-jpa-3.5.2.jar:3.5.2]
	at org.springframework.data.jpa.repository.query.JpaQueryLookupStrategy$AbstractQueryLookupStrategy.resolveQuery(JpaQueryLookupStrategy.java:99) ~[spring-data-jpa-3.5.2.jar:3.5.2]
	at org.springframework.data.repository.core.support.QueryExecutorMethodInterceptor.lookupQuery(QueryExecutorMethodInterceptor.java:116) ~[spring-data-commons-3.5.2.jar:3.5.2]
	... 61 common frames omitted
Caused by: org.springframework.data.mapping.PropertyReferenceException: No property 'email' found for type 'User'
	at org.springframework.data.mapping.PropertyPath.<init>(PropertyPath.java:94) ~[spring-data-commons-3.5.2.jar:3.5.2]
	at org.springframework.data.mapping.PropertyPath.create(PropertyPath.java:455) ~[spring-data-commons-3.5.2.jar:3.5.2]
	at org.springframework.data.mapping.PropertyPath.create(PropertyPath.java:431) ~[spring-data-commons-3.5.2.jar:3.5.2]
	at org.springframework.data.mapping.PropertyPath.lambda$from$0(PropertyPath.java:384) ~[spring-data-commons-3.5.2.jar:3.5.2]
	at java.base/java.util.concurrent.ConcurrentMap.computeIfAbsent(ConcurrentMap.java:330) ~[na:na]
	at org.springframework.data.mapping.PropertyPath.from(PropertyPath.java:366) ~[spring-data-commons-3.5.2.jar:3.5.2]
	at org.springframework.data.mapping.PropertyPath.from(PropertyPath.java:344) ~[spring-data-commons-3.5.2.jar:3.5.2]
	at org.springframework.data.repository.query.parser.Part.<init>(Part.java:81) ~[spring-data-commons-3.5.2.jar:3.5.2]
	at org.springframework.data.repository.query.parser.PartTree$OrPart.lambda$new$0(PartTree.java:259) ~[spring-data-commons-3.5.2.jar:3.5.2]
	at java.base/java.util.stream.ReferencePipeline$3$1.accept(ReferencePipeline.java:197) ~[na:na]
	at java.base/java.util.stream.ReferencePipeline$2$1.accept(ReferencePipeline.java:179) ~[na:na]
	at java.base/java.util.Spliterators$ArraySpliterator.forEachRemaining(Spliterators.java:992) ~[na:na]
	at java.base/java.util.stream.AbstractPipeline.copyInto(AbstractPipeline.java:509) ~[na:na]
	at java.base/java.util.stream.AbstractPipeline.wrapAndCopyInto(AbstractPipeline.java:499) ~[na:na]
	at java.base/java.util.stream.ReduceOps$ReduceOp.evaluateSequential(ReduceOps.java:921) ~[na:na]
	at java.base/java.util.stream.AbstractPipeline.evaluate(AbstractPipeline.java:234) ~[na:na]
	at java.base/java.util.stream.ReferencePipeline.collect(ReferencePipeline.java:682) ~[na:na]
	at org.springframework.data.repository.query.parser.PartTree$OrPart.<init>(PartTree.java:260) ~[spring-data-commons-3.5.2.jar:3.5.2]
	at org.springframework.data.repository.query.parser.PartTree$Predicate.lambda$new$0(PartTree.java:389) ~[spring-data-commons-3.5.2.jar:3.5.2]
	at java.base/java.util.stream.ReferencePipeline$3$1.accept(ReferencePipeline.java:197) ~[na:na]
	at java.base/java.util.stream.ReferencePipeline$2$1.accept(ReferencePipeline.java:179) ~[na:na]
	at java.base/java.util.Spliterators$ArraySpliterator.forEachRemaining(Spliterators.java:992) ~[na:na]
	at java.base/java.util.stream.AbstractPipeline.copyInto(AbstractPipeline.java:509) ~[na:na]
	at java.base/java.util.stream.AbstractPipeline.wrapAndCopyInto(AbstractPipeline.java:499) ~[na:na]
	at java.base/java.util.stream.ReduceOps$ReduceOp.evaluateSequential(ReduceOps.java:921) ~[na:na]
	at java.base/java.util.stream.AbstractPipeline.evaluate(AbstractPipeline.java:234) ~[na:na]
	at java.base/java.util.stream.ReferencePipeline.collect(ReferencePipeline.java:682) ~[na:na]
	at org.springframework.data.repository.query.parser.PartTree$Predicate.<init>(PartTree.java:390) ~[spring-data-commons-3.5.2.jar:3.5.2]
	at org.springframework.data.repository.query.parser.PartTree.<init>(PartTree.java:103) ~[spring-data-commons-3.5.2.jar:3.5.2]
	at org.springframework.data.jpa.repository.query.PartTreeJpaQuery.<init>(PartTreeJpaQuery.java:101) ~[spring-data-jpa-3.5.2.jar:3.5.2]
	... 65 common frames omitted


BUILD SUCCESSFUL in 1s
4 actionable tasks: 1 executed, 3 up-to-date
